<?xml version="1.0" encoding="UTF-8"?>
<testsuite name="gremlins.AppTest" tests="2" skipped="0" failures="0" errors="0" timestamp="2024-07-15T17:15:08" hostname="daleMM.local" time="0.227">
  <properties/>
  <testcase name="getGameboard()" classname="gremlins.AppTest" time="0.224"/>
  <testcase name="getSpriteSize()" classname="gremlins.AppTest" time="0.001"/>
  <system-out><![CDATA[]]></system-out>
  <system-err><![CDATA[]]></system-err>
</testsuite>
