<?xml version="1.0" encoding="UTF-8"?>
<testsuite name="gremlins.MapTest" tests="1" skipped="0" failures="0" errors="0" timestamp="2024-07-15T17:15:08" hostname="daleMM.local" time="0.0">
  <properties/>
  <testcase name="constructor()" classname="gremlins.MapTest" time="0.0"/>
  <system-out><![CDATA[]]></system-out>
  <system-err><![CDATA[]]></system-err>
</testsuite>
