<?xml version="1.0" encoding="UTF-8"?>
<testsuite name="gremlins.CharactersTest" tests="9" skipped="0" failures="0" errors="0" timestamp="2024-07-15T17:15:08" hostname="daleMM.local" time="0.026">
  <properties/>
  <testcase name="constructor()" classname="gremlins.CharactersTest" time="0.004"/>
  <testcase name="getIsALive()" classname="gremlins.CharactersTest" time="0.0"/>
  <testcase name="getX()" classname="gremlins.CharactersTest" time="0.001"/>
  <testcase name="getY()" classname="gremlins.CharactersTest" time="0.0"/>
  <testcase name="setX()" classname="gremlins.CharactersTest" time="0.001"/>
  <testcase name="setY()" classname="gremlins.CharactersTest" time="0.001"/>
  <testcase name="deathCollide()" classname="gremlins.CharactersTest" time="0.003"/>
  <testcase name="getdirection()" classname="gremlins.CharactersTest" time="0.002"/>
  <testcase name="setSpeed()" classname="gremlins.CharactersTest" time="0.001"/>
  <system-out><![CDATA[]]></system-out>
  <system-err><![CDATA[]]></system-err>
</testsuite>
