<?xml version="1.0" encoding="UTF-8"?>
<testsuite name="gremlins.ExitPortalTest" tests="3" skipped="0" failures="0" errors="0" timestamp="2024-07-15T17:15:08" hostname="daleMM.local" time="0.007">
  <properties/>
  <testcase name="constructor()" classname="gremlins.ExitPortalTest" time="0.002"/>
  <testcase name="getX()" classname="gremlins.ExitPortalTest" time="0.001"/>
  <testcase name="getY()" classname="gremlins.ExitPortalTest" time="0.001"/>
  <system-out><![CDATA[]]></system-out>
  <system-err><![CDATA[]]></system-err>
</testsuite>
