<?xml version="1.0" encoding="UTF-8"?>
<testsuite name="gremlins.FireBallTest" tests="1" skipped="0" failures="0" errors="0" timestamp="2024-07-15T17:15:08" hostname="daleMM.local" time="0.002">
  <properties/>
  <testcase name="constructor()" classname="gremlins.FireBallTest" time="0.002"/>
  <system-out><![CDATA[]]></system-out>
  <system-err><![CDATA[]]></system-err>
</testsuite>
