<?xml version="1.0" encoding="UTF-8"?>
<testsuite name="gremlins.WizardTest" tests="9" skipped="0" failures="0" errors="0" timestamp="2024-07-15T17:15:08" hostname="daleMM.local" time="0.022">
  <properties/>
  <testcase name="constructor()" classname="gremlins.WizardTest" time="0.006"/>
  <testcase name="leftKeyPress()" classname="gremlins.WizardTest" time="0.001"/>
  <testcase name="upKeyPress()" classname="gremlins.WizardTest" time="0.0"/>
  <testcase name="rightKeyPress()" classname="gremlins.WizardTest" time="0.0"/>
  <testcase name="coolDown()" classname="gremlins.WizardTest" time="0.0"/>
  <testcase name="downKeyPress()" classname="gremlins.WizardTest" time="0.001"/>
  <testcase name="nextLevel()" classname="gremlins.WizardTest" time="0.001"/>
  <testcase name="SetLives()" classname="gremlins.WizardTest" time="0.001"/>
  <testcase name="Getlives()" classname="gremlins.WizardTest" time="0.0"/>
  <system-out><![CDATA[]]></system-out>
  <system-err><![CDATA[]]></system-err>
</testsuite>
