<?xml version="1.0" encoding="UTF-8"?>
<testsuite name="gremlins.GremlinsTest" tests="2" skipped="0" failures="0" errors="0" timestamp="2024-07-15T17:15:08" hostname="daleMM.local" time="0.004">
  <properties/>
  <testcase name="constructor()" classname="gremlins.GremlinsTest" time="0.003"/>
  <testcase name="freeze()" classname="gremlins.GremlinsTest" time="0.0"/>
  <system-out><![CDATA[]]></system-out>
  <system-err><![CDATA[]]></system-err>
</testsuite>
